#
# There is insufficient memory for the Java Runtime Environment to continue.
# Native memory allocation (mmap) failed to map 115867648 bytes for committing reserved memory.
# Possible reasons:
#   The system is out of physical RAM or swap space
#   The process is running with CompressedOops enabled, and the Java Heap may be blocking the growth of the native heap
# Possible solutions:
#   Reduce memory load on the system
#   Increase physical memory or swap space
#   Check if swap backing store is full
#   Decrease Java heap size (-Xmx/-Xms)
#   Decrease number of Java threads
#   Decrease Java thread stack sizes (-Xss)
#   Set larger code cache with -XX:ReservedCodeCacheSize=
#   JVM is running with Unscaled Compressed Oops mode in which the Java heap is
#     placed in the first 4GB address space. The Java Heap base address is the
#     maximum limit for the native heap growth. Please use -XX:HeapBaseMinAddress
#     to set the Java Heap base and to place the Java Heap above 4GB virtual address.
# This output file may be truncated or incomplete.
#
#  Out of Memory Error (os_linux.cpp:2792), pid=29914, tid=0x00007f63e6ff7700
#
# JRE version: OpenJDK Runtime Environment (8.0_275-b01) (build 1.8.0_275-8u275-b01-0ubuntu1~16.04-b01)
# Java VM: OpenJDK 64-Bit Server VM (25.275-b01 mixed mode linux-amd64 compressed oops)
# Failed to write core dump. Core dumps have been disabled. To enable core dumping, try "ulimit -c unlimited" before starting Java again
#

---------------  T H R E A D  ---------------

Current thread (0x00007f640c145000):  VMThread [stack: 0x00007f63e6ef7000,0x00007f63e6ff8000] [id=29920]

Stack: [0x00007f63e6ef7000,0x00007f63e6ff8000],  sp=0x00007f63e6ff6340,  free space=1020k
Native frames: (J=compiled Java code, j=interpreted, Vv=VM code, C=native code)
V  [libjvm.so+0xb1de0b]
V  [libjvm.so+0x4e019c]
V  [libjvm.so+0x95b578]
V  [libjvm.so+0x952a2e]
V  [libjvm.so+0x9d43d6]
V  [libjvm.so+0x9d5703]
V  [libjvm.so+0x9d1b04]
V  [libjvm.so+0x9ca679]
V  [libjvm.so+0x45ff03]
V  [libjvm.so+0xb1f3f9]
V  [libjvm.so+0xb257f7]
V  [libjvm.so+0xb232d3]
V  [libjvm.so+0xb23675]
V  [libjvm.so+0xb23c42]
V  [libjvm.so+0x958742]

VM_Operation (0x00007f63e5de21c0): CollectForMetadataAllocation, mode: safepoint, requested by thread 0x00007f640c5f5000


---------------  P R O C E S S  ---------------

Java Threads: ( => current thread )
  0x00007f63b5180800 JavaThread "HikariPool-1 housekeeper" daemon [_thread_blocked, id=29960, stack(0x00007f63af45e000,0x00007f63af55f000)]
  0x00007f63b518b800 JavaThread "PostgreSQL-JDBC-SharedTimer-1" daemon [_thread_blocked, id=29959, stack(0x00007f63af55f000,0x00007f63af660000)]
  0x00007f63b4ed7800 JavaThread "container-0" [_thread_blocked, id=29953, stack(0x00007f63afb7f000,0x00007f63afc80000)]
  0x00007f63a81bf000 JavaThread "Catalina-utility-2" [_thread_blocked, id=29952, stack(0x00007f63afc80000,0x00007f63afd81000)]
  0x00007f63b4eac000 JavaThread "Catalina-utility-1" [_thread_blocked, id=29951, stack(0x00007f63e5050000,0x00007f63e5151000)]
  0x00007f63b0002800 JavaThread "restartedMain" [_thread_blocked, id=29935, stack(0x00007f63e57de000,0x00007f63e58df000)]
  0x00007f640c501000 JavaThread "Thread-0" [_thread_blocked, id=29934, stack(0x00007f63e58df000,0x00007f63e59e0000)]
  0x00007f63d0001000 JavaThread "Attach Listener" daemon [_thread_blocked, id=29930, stack(0x00007f63e59e0000,0x00007f63e5ae1000)]
  0x00007f640c5f9000 JavaThread "Service Thread" daemon [_thread_blocked, id=29928, stack(0x00007f63e5be2000,0x00007f63e5ce3000)]
  0x00007f640c5f5000 JavaThread "C1 CompilerThread2" daemon [_thread_blocked, id=29927, stack(0x00007f63e5ce3000,0x00007f63e5de4000)]
  0x00007f640c5f3000 JavaThread "C2 CompilerThread1" daemon [_thread_blocked, id=29926, stack(0x00007f63e5de4000,0x00007f63e5ee5000)]
  0x00007f640c5f1000 JavaThread "C2 CompilerThread0" daemon [_thread_blocked, id=29925, stack(0x00007f63e5ee5000,0x00007f63e5fe6000)]
  0x00007f640c5ed000 JavaThread "Monitor Ctrl-Break" daemon [_thread_in_native, id=29924, stack(0x00007f63e5fec000,0x00007f63e60ed000)]
  0x00007f640c184800 JavaThread "Signal Dispatcher" daemon [_thread_blocked, id=29923, stack(0x00007f63e679d000,0x00007f63e689e000)]
  0x00007f640c153000 JavaThread "Finalizer" daemon [_thread_blocked, id=29922, stack(0x00007f63e6cf5000,0x00007f63e6df6000)]
  0x00007f640c14e800 JavaThread "Reference Handler" daemon [_thread_blocked, id=29921, stack(0x00007f63e6df6000,0x00007f63e6ef7000)]
  0x00007f640c00f800 JavaThread "main" [_thread_blocked, id=29915, stack(0x00007f6414179000,0x00007f641427a000)]

Other Threads:
=>0x00007f640c145000 VMThread [stack: 0x00007f63e6ef7000,0x00007f63e6ff8000] [id=29920]
  0x00007f640c5fb800 WatcherThread [stack: 0x00007f63e5ae1000,0x00007f63e5be2000] [id=29929]

VM state:at safepoint (normal execution)

VM Mutex/Monitor currently owned by a thread:  ([mutex/lock_event])
[0x00007f640c00c130] Threads_lock - owner thread: 0x00007f640c145000
[0x00007f640c00c630] Heap_lock - owner thread: 0x00007f640c5f5000
[0x00007f640c00cbb0] MethodData_lock - owner thread: 0x00007f640c5f5000

heap address: 0x0000000086800000, size: 1944 MB, Compressed Oops mode: 32-bit
Narrow klass base: 0x0000000000000000, Narrow klass shift: 3
Compressed class space size: 1073741824 Address: 0x0000000100000000

Heap:
 PSYoungGen      total 329216K, used 4238K [0x00000000d7800000, 0x00000000ed300000, 0x0000000100000000)
  eden space 312320K, 0% used [0x00000000d7800000,0x00000000d7800000,0x00000000ea900000)
  from space 16896K, 25% used [0x00000000eb200000,0x00000000eb623ba0,0x00000000ec280000)
  to   space 12288K, 0% used [0x00000000ec700000,0x00000000ec700000,0x00000000ed300000)
 ParOldGen       total 62976K, used 27011K [0x0000000086800000, 0x000000008a580000, 0x00000000d7800000)
  object space 62976K, 42% used [0x0000000086800000,0x0000000088260d28,0x000000008a580000)
 Metaspace       used 56114K, capacity 59050K, committed 59096K, reserved 1099776K
  class space    used 7543K, capacity 8051K, committed 8064K, reserved 1048576K

Card table byte_map: [0x00007f6410183000,0x00007f6410550000] byte_map_base: 0x00007f640fd4f000

Marking Bits: (ParMarkBitMap*) 0x00007f6413443860
 Begin Bits: [0x00007f63ec340000, 0x00007f63ee1a0000)
 End Bits:   [0x00007f63ee1a0000, 0x00007f63f0000000)

Polling page: 0x00007f6414297000

CodeCache: size=245760Kb used=17076Kb max_used=17076Kb free=228683Kb
 bounds [0x00007f63fd000000, 0x00007f63fe0c0000, 0x00007f640c000000]
 total_blobs=5889 nmethods=5372 adapters=429
 compilation: enabled

Compilation events (10 events):
Event: 34,715 Thread 0x00007f640c5f5000 nmethod 5853 0x00007f63fe0bb090 code [0x00007f63fe0bb200, 0x00007f63fe0bb608]
Event: 34,715 Thread 0x00007f640c5f5000 5854       3       org.springframework.data.repository.core.support.MethodLookups$RepositoryAwareMethodLookup$$Lambda$783/1957215184::get$Lambda (9 bytes)
Event: 34,715 Thread 0x00007f640c5f5000 nmethod 5854 0x00007f63fe0ade90 code [0x00007f63fe0ae000, 0x00007f63fe0ae250]
Event: 34,715 Thread 0x00007f640c5f5000 5855       3       org.springframework.data.repository.core.support.MethodLookups$RepositoryAwareMethodLookup$$Lambda$783/1957215184::<init> (10 bytes)
Event: 34,715 Thread 0x00007f640c5f5000 nmethod 5855 0x00007f63fe0bb790 code [0x00007f63fe0bb900, 0x00007f63fe0bbad0]
Event: 35,001 Thread 0x00007f640c5f5000 5858       1       org.springframework.data.repository.core.support.RepositoryFragment$StructuralRepositoryFragment::getSignatureContributor (5 bytes)
Event: 35,001 Thread 0x00007f640c5f5000 nmethod 5858 0x00007f63fe0bbb90 code [0x00007f63fe0bbce0, 0x00007f63fe0bbdf0]
Event: 35,204 Thread 0x00007f640c5f5000 5860       2       java.util.regex.Pattern::expr (142 bytes)
Event: 35,207 Thread 0x00007f640c5f5000 nmethod 5860 0x00007f63fe0bbe50 code [0x00007f63fe0bc020, 0x00007f63fe0bc648]
Event: 35,288 Thread 0x00007f640c5f5000 5861       2       java.lang.Character::isBmpCodePoint (13 bytes)

GC Heap History (10 events):
Event: 14,859 GC heap after
Heap after GC invocations=8 (full 1):
 PSYoungGen      total 134656K, used 9753K [0x00000000d7800000, 0x00000000e6b80000, 0x0000000100000000)
  eden space 124416K, 0% used [0x00000000d7800000,0x00000000d7800000,0x00000000df180000)
  from space 10240K, 95% used [0x00000000df180000,0x00000000dfb066f8,0x00000000dfb80000)
  to   space 11776K, 0% used [0x00000000e6000000,0x00000000e6000000,0x00000000e6b80000)
 ParOldGen       total 47104K, used 7401K [0x0000000086800000, 0x0000000089600000, 0x00000000d7800000)
  object space 47104K, 15% used [0x0000000086800000,0x0000000086f3a680,0x0000000089600000)
 Metaspace       used 26293K, capacity 27872K, committed 28032K, reserved 1073152K
  class space    used 3390K, capacity 3698K, committed 3712K, reserved 1048576K
}
Event: 17,178 GC heap before
{Heap before GC invocations=9 (full 1):
 PSYoungGen      total 134656K, used 134169K [0x00000000d7800000, 0x00000000e6b80000, 0x0000000100000000)
  eden space 124416K, 100% used [0x00000000d7800000,0x00000000df180000,0x00000000df180000)
  from space 10240K, 95% used [0x00000000df180000,0x00000000dfb066f8,0x00000000dfb80000)
  to   space 11776K, 0% used [0x00000000e6000000,0x00000000e6000000,0x00000000e6b80000)
 ParOldGen       total 47104K, used 7401K [0x0000000086800000, 0x0000000089600000, 0x00000000d7800000)
  object space 47104K, 15% used [0x0000000086800000,0x0000000086f3a680,0x0000000089600000)
 Metaspace       used 29976K, capacity 31996K, committed 32128K, reserved 1077248K
  class space    used 3874K, capacity 4222K, committed 4224K, reserved 1048576K
Event: 17,220 GC heap after
Heap after GC invocations=9 (full 1):
 PSYoungGen      total 232448K, used 8807K [0x00000000d7800000, 0x00000000e6980000, 0x0000000100000000)
  eden space 222720K, 0% used [0x00000000d7800000,0x00000000d7800000,0x00000000e5180000)
  from space 9728K, 90% used [0x00000000e6000000,0x00000000e6899f98,0x00000000e6980000)
  to   space 12288K, 0% used [0x00000000e5180000,0x00000000e5180000,0x00000000e5d80000)
 ParOldGen       total 47104K, used 7409K [0x0000000086800000, 0x0000000089600000, 0x00000000d7800000)
  object space 47104K, 15% used [0x0000000086800000,0x0000000086f3c680,0x0000000089600000)
 Metaspace       used 29976K, capacity 31996K, committed 32128K, reserved 1077248K
  class space    used 3874K, capacity 4222K, committed 4224K, reserved 1048576K
}
Event: 19,237 GC heap before
{Heap before GC invocations=10 (full 1):
 PSYoungGen      total 232448K, used 40240K [0x00000000d7800000, 0x00000000e6980000, 0x0000000100000000)
  eden space 222720K, 14% used [0x00000000d7800000,0x00000000d96b2358,0x00000000e5180000)
  from space 9728K, 90% used [0x00000000e6000000,0x00000000e6899f98,0x00000000e6980000)
  to   space 12288K, 0% used [0x00000000e5180000,0x00000000e5180000,0x00000000e5d80000)
 ParOldGen       total 47104K, used 7409K [0x0000000086800000, 0x0000000089600000, 0x00000000d7800000)
  object space 47104K, 15% used [0x0000000086800000,0x0000000086f3c680,0x0000000089600000)
 Metaspace       used 33268K, capacity 35404K, committed 35456K, reserved 1079296K
  class space    used 4312K, capacity 4732K, committed 4736K, reserved 1048576K
Event: 19,336 GC heap after
Heap after GC invocations=10 (full 1):
 PSYoungGen      total 235008K, used 8210K [0x00000000d7800000, 0x00000000ed300000, 0x0000000100000000)
  eden space 222720K, 0% used [0x00000000d7800000,0x00000000d7800000,0x00000000e5180000)
  from space 12288K, 66% used [0x00000000e5180000,0x00000000e5984b78,0x00000000e5d80000)
  to   space 12288K, 0% used [0x00000000ec700000,0x00000000ec700000,0x00000000ed300000)
 ParOldGen       total 47104K, used 7417K [0x0000000086800000, 0x0000000089600000, 0x00000000d7800000)
  object space 47104K, 15% used [0x0000000086800000,0x0000000086f3e680,0x0000000089600000)
 Metaspace       used 33268K, capacity 35404K, committed 35456K, reserved 1079296K
  class space    used 4312K, capacity 4732K, committed 4736K, reserved 1048576K
}
Event: 19,336 GC heap before
{Heap before GC invocations=11 (full 2):
 PSYoungGen      total 235008K, used 8210K [0x00000000d7800000, 0x00000000ed300000, 0x0000000100000000)
  eden space 222720K, 0% used [0x00000000d7800000,0x00000000d7800000,0x00000000e5180000)
  from space 12288K, 66% used [0x00000000e5180000,0x00000000e5984b78,0x00000000e5d80000)
  to   space 12288K, 0% used [0x00000000ec700000,0x00000000ec700000,0x00000000ed300000)
 ParOldGen       total 47104K, used 7417K [0x0000000086800000, 0x0000000089600000, 0x00000000d7800000)
  object space 47104K, 15% used [0x0000000086800000,0x0000000086f3e680,0x0000000089600000)
 Metaspace       used 33268K, capacity 35404K, committed 35456K, reserved 1079296K
  class space    used 4312K, capacity 4732K, committed 4736K, reserved 1048576K
Event: 19,543 GC heap after
Heap after GC invocations=11 (full 2):
 PSYoungGen      total 235008K, used 0K [0x00000000d7800000, 0x00000000ed300000, 0x0000000100000000)
  eden space 222720K, 0% used [0x00000000d7800000,0x00000000d7800000,0x00000000e5180000)
  from space 12288K, 0% used [0x00000000e5180000,0x00000000e5180000,0x00000000e5d80000)
  to   space 12288K, 0% used [0x00000000ec700000,0x00000000ec700000,0x00000000ed300000)
 ParOldGen       total 62976K, used 12944K [0x0000000086800000, 0x000000008a580000, 0x00000000d7800000)
  object space 62976K, 20% used [0x0000000086800000,0x00000000874a41f0,0x000000008a580000)
 Metaspace       used 33268K, capacity 35404K, committed 35456K, reserved 1079296K
  class space    used 4312K, capacity 4732K, committed 4736K, reserved 1048576K
}
Event: 28,241 GC heap before
{Heap before GC invocations=12 (full 2):
 PSYoungGen      total 235008K, used 222720K [0x00000000d7800000, 0x00000000ed300000, 0x0000000100000000)
  eden space 222720K, 100% used [0x00000000d7800000,0x00000000e5180000,0x00000000e5180000)
  from space 12288K, 0% used [0x00000000e5180000,0x00000000e5180000,0x00000000e5d80000)
  to   space 12288K, 0% used [0x00000000ec700000,0x00000000ec700000,0x00000000ed300000)
 ParOldGen       total 62976K, used 12944K [0x0000000086800000, 0x000000008a580000, 0x00000000d7800000)
  object space 62976K, 20% used [0x0000000086800000,0x00000000874a41f0,0x000000008a580000)
 Metaspace       used 52086K, capacity 54560K, committed 54912K, reserved 1097728K
  class space    used 7019K, capacity 7464K, committed 7552K, reserved 1048576K
Event: 28,358 GC heap after
Heap after GC invocations=12 (full 2):
 PSYoungGen      total 324608K, used 12260K [0x00000000d7800000, 0x00000000ed300000, 0x0000000100000000)
  eden space 312320K, 0% used [0x00000000d7800000,0x00000000d7800000,0x00000000ea900000)
  from space 12288K, 99% used [0x00000000ec700000,0x00000000ed2f9298,0x00000000ed300000)
  to   space 16896K, 0% used [0x00000000eb200000,0x00000000eb200000,0x00000000ec280000)
 ParOldGen       total 62976K, used 20037K [0x0000000086800000, 0x000000008a580000, 0x00000000d7800000)
  object space 62976K, 31% used [0x0000000086800000,0x0000000087b91720,0x000000008a580000)
 Metaspace       used 52086K, capacity 54560K, committed 54912K, reserved 1097728K
  class space    used 7019K, capacity 7464K, committed 7552K, reserved 1048576K
}
Event: 35,329 GC heap before
{Heap before GC invocations=13 (full 2):
 PSYoungGen      total 324608K, used 62011K [0x00000000d7800000, 0x00000000ed300000, 0x0000000100000000)
  eden space 312320K, 15% used [0x00000000d7800000,0x00000000da895cd8,0x00000000ea900000)
  from space 12288K, 99% used [0x00000000ec700000,0x00000000ed2f9298,0x00000000ed300000)
  to   space 16896K, 0% used [0x00000000eb200000,0x00000000eb200000,0x00000000ec280000)
 ParOldGen       total 62976K, used 20037K [0x0000000086800000, 0x000000008a580000, 0x00000000d7800000)
  object space 62976K, 31% used [0x0000000086800000,0x0000000087b91720,0x000000008a580000)
 Metaspace       used 56114K, capacity 59050K, committed 59096K, reserved 1099776K
  class space    used 7543K, capacity 8051K, committed 8064K, reserved 1048576K

Deoptimization events (10 events):
Event: 32,320 Thread 0x00007f63b0002800 Uncommon trap: reason=class_check action=maybe_recompile pc=0x00007f63fd324480 method=java.util.regex.Pattern$SliceI.match(Ljava/util/regex/Matcher;ILjava/lang/CharSequence;)Z @ 92
Event: 32,473 Thread 0x00007f63b0002800 Uncommon trap: reason=predicate action=maybe_recompile pc=0x00007f63fdacc22c method=java.util.StringTokenizer.skipDelimiters(I)I @ 17
Event: 32,473 Thread 0x00007f63b0002800 Uncommon trap: reason=unstable_if action=reinterpret pc=0x00007f63fd18420c method=java.util.StringTokenizer.scanToken(I)I @ 96
Event: 32,473 Thread 0x00007f63b0002800 Uncommon trap: reason=predicate action=maybe_recompile pc=0x00007f63fd5ea998 method=java.util.StringTokenizer.skipDelimiters(I)I @ 17
Event: 32,821 Thread 0x00007f63b0002800 Uncommon trap: reason=bimorphic action=maybe_recompile pc=0x00007f63fdbae464 method=java.util.Hashtable.get(Ljava/lang/Object;)Ljava/lang/Object; @ 45
Event: 32,846 Thread 0x00007f63b0002800 Uncommon trap: reason=bimorphic action=maybe_recompile pc=0x00007f63fdbae464 method=java.util.Hashtable.get(Ljava/lang/Object;)Ljava/lang/Object; @ 45
Event: 32,853 Thread 0x00007f63b0002800 Uncommon trap: reason=bimorphic action=maybe_recompile pc=0x00007f63fdbae464 method=java.util.Hashtable.get(Ljava/lang/Object;)Ljava/lang/Object; @ 45
Event: 32,854 Thread 0x00007f63b0002800 Uncommon trap: reason=unstable_if action=reinterpret pc=0x00007f63fd11b9a0 method=java.lang.CharacterData.of(I)Ljava/lang/CharacterData; @ 4
Event: 34,572 Thread 0x00007f63b0002800 Uncommon trap: reason=unstable_if action=reinterpret pc=0x00007f63fd485750 method=java.util.HashMap.getNode(ILjava/lang/Object;)Ljava/util/HashMap$Node; @ 84
Event: 34,573 Thread 0x00007f63b0002800 Uncommon trap: reason=unstable_if action=reinterpret pc=0x00007f63fd4872ec method=java.util.HashMap.getNode(ILjava/lang/Object;)Ljava/util/HashMap$Node; @ 84

Classes redefined (0 events):
No events

Internal exceptions (10 events):
Event: 30,761 Thread 0x00007f63b0002800 Exception <a 'java/lang/ClassNotFoundException': java/lang/ObjectCustomizer> (0x00000000d852c3f8) thrown at [/build/openjdk-8-tHGPRh/openjdk-8-8u275-b01/src/hotspot/src/share/vm/classfile/systemDictionary.cpp, line 217]
Event: 30,784 Thread 0x00007f63b0002800 Exception <a 'java/lang/ClassNotFoundException': ftn/isa/team12/pharmacy/domain/users/AccountInfoCustomizer> (0x00000000d854cdf8) thrown at [/build/openjdk-8-tHGPRh/openjdk-8-8u275-b01/src/hotspot/src/share/vm/classfile/systemDictionary.cpp, line 217]
Event: 30,918 Thread 0x00007f63b0002800 Exception <a 'java/lang/ClassNotFoundException': java/lang/ObjectCustomizer> (0x00000000d85a6750) thrown at [/build/openjdk-8-tHGPRh/openjdk-8-8u275-b01/src/hotspot/src/share/vm/classfile/systemDictionary.cpp, line 217]
Event: 30,939 Thread 0x00007f63b0002800 Exception <a 'java/lang/ClassNotFoundException': ftn/isa/team12/pharmacy/domain/users/AuthorityCustomizer> (0x00000000d85c6fb8) thrown at [/build/openjdk-8-tHGPRh/openjdk-8-8u275-b01/src/hotspot/src/share/vm/classfile/systemDictionary.cpp, line 217]
Event: 30,941 Thread 0x00007f63b0002800 Exception <a 'java/lang/ClassNotFoundException': org/springframework/security/core/GrantedAuthorityCustomizer> (0x00000000d85ed6e0) thrown at [/build/openjdk-8-tHGPRh/openjdk-8-8u275-b01/src/hotspot/src/share/vm/classfile/systemDictionary.cpp, line 217]
Event: 31,054 Thread 0x00007f63b0002800 Exception <a 'java/lang/NoSuchMethodError': java.lang.Object.lambda$direct$0(Lorg/springframework/data/repository/core/support/MethodLookup$InvokedMethod;Ljava/lang/reflect/Method;)Z> (0x00000000d8664e00) thrown at [/build/openjdk-8-tHGPRh/openjdk-8-8u275
Event: 31,054 Thread 0x00007f63b0002800 Exception <a 'java/lang/NoSuchMethodError': java.lang.Object.lambda$direct$1(Lorg/springframework/data/repository/core/support/MethodLookup$MethodPredicate;)Ljava/util/List;> (0x00000000d86681b0) thrown at [/build/openjdk-8-tHGPRh/openjdk-8-8u275-b01/src/
Event: 31,057 Thread 0x00007f63b0002800 Exception <a 'java/lang/NoSuchMethodError': java.lang.Object.lambda$and$0(Lorg/springframework/data/repository/core/support/MethodLookup;)Ljava/util/List;> (0x00000000d86870e0) thrown at [/build/openjdk-8-tHGPRh/openjdk-8-8u275-b01/src/hotspot/src/share/v
Event: 31,161 Thread 0x00007f63b0002800 Exception <a 'java/lang/IncompatibleClassChangeError': Found class java.lang.Object, but interface was expected> (0x00000000d8739268) thrown at [/build/openjdk-8-tHGPRh/openjdk-8-8u275-b01/src/hotspot/src/share/vm/interpreter/linkResolver.cpp, line 653]
Event: 35,161 Thread 0x00007f63b0002800 Exception <a 'java/lang/reflect/InvocationTargetException'> (0x00000000da3ac2e8) thrown at [/build/openjdk-8-tHGPRh/openjdk-8-8u275-b01/src/hotspot/src/share/vm/runtime/reflection.cpp, line 1092]

Events (10 events):
Event: 35,284 loading class org/springframework/data/repository/query/parser/PartTree$OrPart done
Event: 35,304 loading class org/springframework/data/repository/query/parser/PartTree$OrPart
Event: 35,304 loading class org/springframework/data/repository/query/parser/PartTree$OrPart done
Event: 35,304 loading class org/springframework/data/repository/query/parser/PartTree$Predicate
Event: 35,304 loading class org/springframework/data/repository/query/parser/PartTree$Predicate done
Event: 35,306 loading class org/springframework/data/repository/query/parser/Part
Event: 35,306 loading class org/springframework/data/repository/query/parser/Part done
Event: 35,306 loading class org/springframework/data/repository/query/parser/Part
Event: 35,306 loading class org/springframework/data/repository/query/parser/Part done
Event: 35,308 Executing VM operation: CollectForMetadataAllocation


Dynamic libraries:
86800000-8a580000 rw-p 00000000 00:00 0 
8a580000-d7800000 ---p 00000000 00:00 0 
d7800000-ed300000 rw-p 00000000 00:00 0 
f4180000-100000000 ---p 00000000 00:00 0 
100000000-1007e0000 rw-p 00000000 00:00 0 
1007e0000-140000000 ---p 00000000 00:00 0 
5639a6737000-5639a6738000 r-xp 00000000 08:05 1599311                    /usr/lib/jvm/java-8-openjdk-amd64/jre/bin/java
5639a6937000-5639a6938000 r--p 00000000 08:05 1599311                    /usr/lib/jvm/java-8-openjdk-amd64/jre/bin/java
5639a6938000-5639a6939000 rw-p 00001000 08:05 1599311                    /usr/lib/jvm/java-8-openjdk-amd64/jre/bin/java
5639a6e57000-5639a6e78000 rw-p 00000000 00:00 0                          [heap]
7f6394000000-7f6394021000 rw-p 00000000 00:00 0 
7f6394021000-7f6398000000 ---p 00000000 00:00 0 
7f6398000000-7f6398021000 rw-p 00000000 00:00 0 
7f6398021000-7f639c000000 ---p 00000000 00:00 0 
7f639c000000-7f639c021000 rw-p 00000000 00:00 0 
7f639c021000-7f63a0000000 ---p 00000000 00:00 0 
7f63a0000000-7f63a0021000 rw-p 00000000 00:00 0 
7f63a0021000-7f63a4000000 ---p 00000000 00:00 0 
7f63a4000000-7f63a4021000 rw-p 00000000 00:00 0 
7f63a4021000-7f63a8000000 ---p 00000000 00:00 0 
7f63a8000000-7f63a81d4000 rw-p 00000000 00:00 0 
7f63a81d4000-7f63ac000000 ---p 00000000 00:00 0 
7f63ae15d000-7f63ae333000 rw-p 00000000 00:00 0 
7f63ae333000-7f63ae35d000 ---p 00000000 00:00 0 
7f63ae35d000-7f63ae55d000 rw-p 00000000 00:00 0 
7f63ae55d000-7f63ae75d000 rw-p 00000000 00:00 0 
7f63ae75d000-7f63ae95d000 rw-p 00000000 00:00 0 
7f63ae95d000-7f63aeb5d000 rw-p 00000000 00:00 0 
7f63aeb5d000-7f63aed5d000 rw-p 00000000 00:00 0 
7f63aed5d000-7f63aef5d000 rw-p 00000000 00:00 0 
7f63aef5d000-7f63af15d000 rw-p 00000000 00:00 0 
7f63af15d000-7f63af160000 ---p 00000000 00:00 0 
7f63af160000-7f63af45e000 rw-p 00000000 00:00 0 
7f63af45e000-7f63af461000 ---p 00000000 00:00 0 
7f63af461000-7f63af55f000 rw-p 00000000 00:00 0 
7f63af55f000-7f63af562000 ---p 00000000 00:00 0 
7f63af562000-7f63af660000 rw-p 00000000 00:00 0 
7f63af660000-7f63af688000 r-xp 00000000 08:05 1459880                    /usr/lib/jvm/java-8-openjdk-amd64/jre/lib/amd64/libsunec.so
7f63af688000-7f63af888000 ---p 00028000 08:05 1459880                    /usr/lib/jvm/java-8-openjdk-amd64/jre/lib/amd64/libsunec.so
7f63af888000-7f63af88c000 r--p 00028000 08:05 1459880                    /usr/lib/jvm/java-8-openjdk-amd64/jre/lib/amd64/libsunec.so
7f63af88c000-7f63af88d000 rw-p 0002c000 08:05 1459880                    /usr/lib/jvm/java-8-openjdk-amd64/jre/lib/amd64/libsunec.so
7f63af97f000-7f63afb7f000 rw-p 00000000 00:00 0 
7f63afb7f000-7f63afb82000 ---p 00000000 00:00 0 
7f63afb82000-7f63afc80000 rw-p 00000000 00:00 0 
7f63afc80000-7f63afc83000 ---p 00000000 00:00 0 
7f63afc83000-7f63afd81000 rw-p 00000000 00:00 0 
7f63afe00000-7f63b0000000 rw-p 00000000 00:00 0 
7f63b0000000-7f63b0021000 rw-p 00000000 00:00 0 
7f63b0021000-7f63b4000000 ---p 00000000 00:00 0 
7f63b4000000-7f63b53bc000 rw-p 00000000 00:00 0 
7f63b53bc000-7f63b8000000 ---p 00000000 00:00 0 
7f63b8000000-7f63b8021000 rw-p 00000000 00:00 0 
7f63b8021000-7f63bc000000 ---p 00000000 00:00 0 
7f63bc000000-7f63bc021000 rw-p 00000000 00:00 0 
7f63bc021000-7f63c0000000 ---p 00000000 00:00 0 
7f63c0000000-7f63c10f6000 rw-p 00000000 00:00 0 
7f63c10f6000-7f63c4000000 ---p 00000000 00:00 0 
7f63c4000000-7f63c4021000 rw-p 00000000 00:00 0 
7f63c4021000-7f63c8000000 ---p 00000000 00:00 0 
7f63c8000000-7f63c97e7000 rw-p 00000000 00:00 0 
7f63c97e7000-7f63cc000000 ---p 00000000 00:00 0 
7f63cc000000-7f63cde03000 rw-p 00000000 00:00 0 
7f63cde03000-7f63d0000000 ---p 00000000 00:00 0 
7f63d0000000-7f63d0021000 rw-p 00000000 00:00 0 
7f63d0021000-7f63d4000000 ---p 00000000 00:00 0 
7f63d4000000-7f63d4021000 rw-p 00000000 00:00 0 
7f63d4021000-7f63d8000000 ---p 00000000 00:00 0 
7f63d8000000-7f63d8021000 rw-p 00000000 00:00 0 
7f63d8021000-7f63dc000000 ---p 00000000 00:00 0 
7f63dc000000-7f63dc021000 rw-p 00000000 00:00 0 
7f63dc021000-7f63e0000000 ---p 00000000 00:00 0 
7f63e0000000-7f63e0021000 rw-p 00000000 00:00 0 
7f63e0021000-7f63e4000000 ---p 00000000 00:00 0 
7f63e4050000-7f63e4250000 rw-p 00000000 00:00 0 
7f63e4250000-7f63e4450000 rw-p 00000000 00:00 0 
7f63e4450000-7f63e4650000 rw-p 00000000 00:00 0 
7f63e4650000-7f63e4850000 rw-p 00000000 00:00 0 
7f63e4850000-7f63e4a50000 rw-p 00000000 00:00 0 
7f63e4a50000-7f63e4c50000 rw-p 00000000 00:00 0 
7f63e4c50000-7f63e4e50000 rw-p 00000000 00:00 0 
7f63e4e50000-7f63e5050000 rw-p 00000000 00:00 0 
7f63e5050000-7f63e5053000 ---p 00000000 00:00 0 
7f63e5053000-7f63e5151000 rw-p 00000000 00:00 0 
7f63e5151000-7f63e515a000 r-xp 00000000 08:05 1459894                    /usr/lib/jvm/java-8-openjdk-amd64/jre/lib/amd64/libmanagement.so
7f63e515a000-7f63e5359000 ---p 00009000 08:05 1459894                    /usr/lib/jvm/java-8-openjdk-amd64/jre/lib/amd64/libmanagement.so
7f63e5359000-7f63e535a000 r--p 00008000 08:05 1459894                    /usr/lib/jvm/java-8-openjdk-amd64/jre/lib/amd64/libmanagement.so
7f63e535a000-7f63e535b000 rw-p 00009000 08:05 1459894                    /usr/lib/jvm/java-8-openjdk-amd64/jre/lib/amd64/libmanagement.so
7f63e53cb000-7f63e53cd000 r--s 00016000 08:05 1459860                    /usr/lib/jvm/java-8-openjdk-amd64/jre/lib/jce.jar
7f63e53cd000-7f63e53de000 r--s 001bc000 08:05 1459918                    /usr/lib/jvm/java-8-openjdk-amd64/jre/lib/jsse.jar
7f63e53de000-7f63e55de000 rw-p 00000000 00:00 0 
7f63e55de000-7f63e57de000 rw-p 00000000 00:00 0 
7f63e57de000-7f63e57e1000 ---p 00000000 00:00 0 
7f63e57e1000-7f63e58df000 rw-p 00000000 00:00 0 
7f63e58df000-7f63e58e2000 ---p 00000000 00:00 0 
7f63e58e2000-7f63e59e0000 rw-p 00000000 00:00 0 
7f63e59e0000-7f63e59e3000 ---p 00000000 00:00 0 
7f63e59e3000-7f63e5ae1000 rw-p 00000000 00:00 0 
7f63e5ae1000-7f63e5ae2000 ---p 00000000 00:00 0 
7f63e5ae2000-7f63e5be2000 rw-p 00000000 00:00 0 
7f63e5be2000-7f63e5be5000 ---p 00000000 00:00 0 
7f63e5be5000-7f63e5ce3000 rw-p 00000000 00:00 0 
7f63e5ce3000-7f63e5ce6000 ---p 00000000 00:00 0 
7f63e5ce6000-7f63e5de4000 rw-p 00000000 00:00 0 
7f63e5de4000-7f63e5de7000 ---p 00000000 00:00 0 
7f63e5de7000-7f63e5ee5000 rw-p 00000000 00:00 0 
7f63e5ee5000-7f63e5ee8000 ---p 00000000 00:00 0 
7f63e5ee8000-7f63e5fe6000 rw-p 00000000 00:00 0 
7f63e5fe6000-7f63e5fec000 r--s 000d3000 08:05 1459923                    /usr/lib/jvm/java-8-openjdk-amd64/jre/lib/jfr.jar
7f63e5fec000-7f63e5fef000 ---p 00000000 00:00 0 
7f63e5fef000-7f63e60ed000 rw-p 00000000 00:00 0 
7f63e60ed000-7f63e6105000 r-xp 00000000 08:05 1459891                    /usr/lib/jvm/java-8-openjdk-amd64/jre/lib/amd64/libnet.so
7f63e6105000-7f63e6304000 ---p 00018000 08:05 1459891                    /usr/lib/jvm/java-8-openjdk-amd64/jre/lib/amd64/libnet.so
7f63e6304000-7f63e6305000 r--p 00017000 08:05 1459891                    /usr/lib/jvm/java-8-openjdk-amd64/jre/lib/amd64/libnet.so
7f63e6305000-7f63e6306000 rw-p 00018000 08:05 1459891                    /usr/lib/jvm/java-8-openjdk-amd64/jre/lib/amd64/libnet.so
7f63e6306000-7f63e6318000 r-xp 00000000 08:05 1459904                    /usr/lib/jvm/java-8-openjdk-amd64/jre/lib/amd64/libnio.so
7f63e6318000-7f63e6517000 ---p 00012000 08:05 1459904                    /usr/lib/jvm/java-8-openjdk-amd64/jre/lib/amd64/libnio.so
7f63e6517000-7f63e6518000 r--p 00011000 08:05 1459904                    /usr/lib/jvm/java-8-openjdk-amd64/jre/lib/amd64/libnio.so
7f63e6518000-7f63e6519000 rw-p 00012000 08:05 1459904                    /usr/lib/jvm/java-8-openjdk-amd64/jre/lib/amd64/libnio.so
7f63e6519000-7f63e651b000 r--s 0001d000 07:11 671                        /snap/intellij-idea-community/273/lib/idea_rt.jar
7f63e651b000-7f63e651d000 r--s 00005000 08:05 413433                     /home/qndaa/.m2/repository/javax/annotation/javax.annotation-api/1.3.2/javax.annotation-api-1.3.2.jar
7f63e651d000-7f63e651f000 r--s 0000a000 08:05 413429                     /home/qndaa/.m2/repository/javax/xml/soap/javax.xml.soap-api/1.4.0/javax.xml.soap-api-1.4.0.jar
7f63e651f000-7f63e6521000 r--s 0000c000 08:05 413427                     /home/qndaa/.m2/repository/javax/activation/javax.activation-api/1.2.0/javax.activation-api-1.2.0.jar
7f63e6521000-7f63e6525000 r--s 0001c000 08:05 413431                     /home/qndaa/.m2/repository/javax/xml/bind/jaxb-api/2.3.1/jaxb-api-2.3.1.jar
7f63e6525000-7f63e6527000 r--s 0000c000 08:05 413425                     /home/qndaa/.m2/repository/javax/xml/ws/jaxws-api/2.3.1/jaxws-api-2.3.1.jar
7f63e6527000-7f63e6540000 r--s 001bb000 08:05 2404775                    /home/qndaa/.m2/repository/org/projectlombok/lombok/1.18.16/lombok-1.18.16.jar
7f63e6540000-7f63e654d000 r--s 00061000 08:05 2412738                    /home/qndaa/.m2/repository/org/springframework/security/spring-security-core/5.4.2/spring-security-core-5.4.2.jar
7f63e654d000-7f63e654e000 r--s 00005000 08:05 2412726                    /home/qndaa/.m2/repository/org/springframework/spring-jcl/5.3.2/spring-jcl-5.3.2.jar
7f63e654e000-7f63e6569000 r--s 0014b000 08:05 2412632                    /home/qndaa/.m2/repository/org/springframework/spring-core/5.3.2/spring-core-5.3.2.jar
7f63e6569000-7f63e656b000 r--s 0000a000 08:05 2412622                    /home/qndaa/.m2/repository/jakarta/activation/jakarta.activation-api/1.2.2/jakarta.activation-api-1.2.2.jar
7f63e656b000-7f63e656f000 r--s 00019000 08:05 2412695                    /home/qndaa/.m2/repository/jakarta/xml/bind/jakarta.xml.bind-api/2.3.3/jakarta.xml.bind-api-2.3.3.jar
7f63e656f000-7f63e657a000 r--s 0002a000 08:05 2412610                    /home/qndaa/.m2/repository/org/checkerframework/checker-qual/3.5.0/checker-qual-3.5.0.jar
7f63e657a000-7f63e6587000 r--s 000e9000 08:05 2412683                    /home/qndaa/.m2/repository/org/postgresql/postgresql/42.2.18/postgresql-42.2.18.jar
7f63e6587000-7f63e65b2000 r--s 0014d000 08:05 2412656                    /home/qndaa/.m2/repository/org/springframework/boot/spring-boot-autoconfigure/2.4.1/spring-boot-autoconfigure-2.4.1.jar
7f63e65b2000-7f63e65ce000 r--s 00122000 08:05 2412647                    /home/qndaa/.m2/repository/org/springframework/boot/spring-boot/2.4.1/spring-boot-2.4.1.jar
7f63e65ce000-7f63e65d4000 r--s 00032000 08:05 2412675                    /home/qndaa/.m2/repository/org/springframework/boot/spring-boot-devtools/2.4.1/spring-boot-devtools-2.4.1.jar
7f63e65d4000-7f63e65e7000 r--s 000e1000 08:05 2412646                    /home/qndaa/.m2/repository/org/springframework/spring-webmvc/5.3.2/spring-webmvc-5.3.2.jar
7f63e65e7000-7f63e6605000 r--s 0015d000 08:05 2412680                    /home/qndaa/.m2/repository/org/springframework/spring-web/5.3.2/spring-web-5.3.2.jar
7f63e6605000-7f63e660b000 r--s 0003d000 08:05 2412669                    /home/qndaa/.m2/repository/org/apache/tomcat/embed/tomcat-embed-websocket/9.0.41/tomcat-embed-websocket-9.0.41.jar
7f63e660b000-7f63e6610000 r--s 00036000 08:05 2412636                    /home/qndaa/.m2/repository/org/glassfish/jakarta.el/3.0.3/jakarta.el-3.0.3.jar
7f63e6610000-7f63e663b000 r--s 00316000 08:05 2412668                    /home/qndaa/.m2/repository/org/apache/tomcat/embed/tomcat-embed-core/9.0.41/tomcat-embed-core-9.0.41.jar
7f63e663b000-7f63e663c000 r--s 00001000 08:05 2412658                    /home/qndaa/.m2/repository/org/springframework/boot/spring-boot-starter-tomcat/2.4.1/spring-boot-starter-tomcat-2.4.1.jar
7f63e663c000-7f63e663e000 r--s 00001000 08:05 2412659                    /home/qndaa/.m2/repository/com/fasterxml/jackson/module/jackson-module-parameter-names/2.11.3/jackson-module-parameter-names-2.11.3.jar
7f63e663e000-7f63e6642000 r--s 00018000 08:05 2412657                    /home/qndaa/.m2/repository/com/fasterxml/jackson/datatype/jackson-datatype-jsr310/2.11.3/jackson-datatype-jsr310-2.11.3.jar
7f63e6642000-7f63e6644000 r--s 00007000 08:05 2412655                    /home/qndaa/.m2/repository/com/fasterxml/jackson/datatype/jackson-datatype-jdk8/2.11.3/jackson-datatype-jdk8-2.11.3.jar
7f63e6644000-7f63e6645000 r--s 00001000 08:05 2412641                    /home/qndaa/.m2/repository/org/springframework/boot/spring-boot-starter-json/2.4.1/spring-boot-starter-json-2.4.1.jar
7f63e6645000-7f63e6646000 r--s 00001000 08:05 2412556                    /home/qndaa/.m2/repository/org/springframework/boot/spring-boot-starter-web/2.4.1/spring-boot-starter-web-2.4.1.jar
7f63e6646000-7f63e664b000 r--s 00040000 08:05 2412650                    /home/qndaa/.m2/repository/org/springframework/spring-expression/5.3.2/spring-expression-5.3.2.jar
7f63e664b000-7f63e665a000 r--s 00085000 08:05 2412678                    /home/qndaa/.m2/repository/org/springframework/security/spring-security-web/5.4.2/spring-security-web-5.4.2.jar
7f63e665a000-7f63e666e000 r--s 00118000 08:05 2412564                    /home/qndaa/.m2/repository/org/springframework/security/spring-security-config/5.4.2/spring-security-config-5.4.2.jar
7f63e666e000-7f63e6677000 r--s 00053000 08:05 2412739                    /home/qndaa/.m2/repository/org/springframework/spring-aop/5.3.2/spring-aop-5.3.2.jar
7f63e6677000-7f63e667e000 r--s 00045000 08:05 2412642                    /home/qndaa/.m2/repository/org/yaml/snakeyaml/1.27/snakeyaml-1.27.jar
7f63e667e000-7f63e6680000 r--s 00005000 08:05 2412665                    /home/qndaa/.m2/repository/jakarta/annotation/jakarta.annotation-api/1.3.5/jakarta.annotation-api-1.3.5.jar
7f63e6680000-7f63e6682000 r--s 00000000 08:05 2412554                    /home/qndaa/.m2/repository/org/slf4j/jul-to-slf4j/1.7.30/jul-to-slf4j-1.7.30.jar
7f63e6682000-7f63e6688000 r--s 00042000 08:05 2412630                    /home/qndaa/.m2/repository/org/apache/logging/log4j/log4j-api/2.13.3/log4j-api-2.13.3.jar
7f63e6688000-7f63e668a000 r--s 00003000 08:05 2412631                    /home/qndaa/.m2/repository/org/apache/logging/log4j/log4j-to-slf4j/2.13.3/log4j-to-slf4j-2.13.3.jar
7f63e668a000-7f63e6695000 r--s 00069000 08:05 2412624                    /home/qndaa/.m2/repository/ch/qos/logback/logback-core/1.2.3/logback-core-1.2.3.jar
7f63e6695000-7f63e669b000 r--s 00041000 08:05 2412561                    /home/qndaa/.m2/repository/ch/qos/logback/logback-classic/1.2.3/logback-classic-1.2.3.jar
7f63e669b000-7f63e669c000 r--s 00001000 08:05 2412625                    /home/qndaa/.m2/repository/org/springframework/boot/spring-boot-starter-logging/2.4.1/spring-boot-starter-logging-2.4.1.jar
7f63e669c000-7f63e66a0000 r--s 00052000 08:05 2412662                    /home/qndaa/.m2/repository/com/fasterxml/jackson/core/jackson-core/2.11.3/jackson-core-2.11.3.jar
7f63e66a0000-7f63e66b6000 r--s 00146000 08:05 2412664                    /home/qndaa/.m2/repository/com/fasterxml/jackson/core/jackson-databind/2.11.3/jackson-databind-2.11.3.jar
7f63e66b6000-7f63e66c2000 r--s 0009e000 08:05 2412600                    /home/qndaa/.m2/repository/org/springframework/spring-beans/5.3.2/spring-beans-5.3.2.jar
7f63e66c2000-7f63e66cc000 r--s 00047000 08:05 2412609                    /home/qndaa/.m2/repository/org/springframework/spring-tx/5.3.2/spring-tx-5.3.2.jar
7f63e66cc000-7f63e6717000 r--s 0030b000 08:05 2412709                    /home/qndaa/.m2/repository/net/bytebuddy/byte-buddy/1.10.18/byte-buddy-1.10.18.jar
7f63e6717000-7f63e679d000 r--s 0067b000 08:05 2412576                    /home/qndaa/.m2/repository/org/hibernate/hibernate-core/5.4.25.Final/hibernate-core-5.4.25.Final.jar
7f63e679d000-7f63e67a0000 ---p 00000000 00:00 0 
7f63e67a0000-7f63e689e000 rw-p 00000000 00:00 0 
7f63e689e000-7f63e6cf5000 r--p 00000000 08:05 1179763                    /usr/lib/locale/locale-archive
7f63e6cf5000-7f63e6cf8000 ---p 00000000 00:00 0 
7f63e6cf8000-7f63e6df6000 rw-p 00000000 00:00 0 
7f63e6df6000-7f63e6df9000 ---p 00000000 00:00 0 
7f63e6df9000-7f63e6ef7000 rw-p 00000000 00:00 0 
7f63e6ef7000-7f63e6ef8000 ---p 00000000 00:00 0 
7f63e6ef8000-7f63e8000000 rw-p 00000000 00:00 0 
7f63e8000000-7f63e8021000 rw-p 00000000 00:00 0 
7f63e8021000-7f63ec000000 ---p 00000000 00:00 0 
7f63ec000000-7f63ec001000 r--s 00001000 08:05 2412684                    /home/qndaa/.m2/repository/org/springframework/boot/spring-boot-starter/2.4.1/spring-boot-starter-2.4.1.jar
7f63ec001000-7f63ec004000 r--s 0000e000 08:05 2412660                    /home/qndaa/.m2/repository/com/fasterxml/jackson/core/jackson-annotations/2.11.3/jackson-annotations-2.11.3.jar
7f63ec004000-7f63ec007000 r--s 00017000 08:05 2418739                    /home/qndaa/.m2/repository/io/jsonwebtoken/jjwt/0.6.0/jjwt-0.6.0.jar
7f63ec007000-7f63ec023000 r--s 00114000 08:05 2412677                    /home/qndaa/.m2/repository/org/springframework/spring-context/5.3.2/spring-context-5.3.2.jar
7f63ec023000-7f63ec03d000 r--s 00115000 08:05 2412606                    /home/qndaa/.m2/repository/org/springframework/data/spring-data-commons/2.4.2/spring-data-commons-2.4.2.jar
7f63ec03d000-7f63f0000000 rw-p 00000000 00:00 0 
7f63f0000000-7f63f0021000 rw-p 00000000 00:00 0 
7f63f0021000-7f63f4000000 ---p 00000000 00:00 0 
7f63f4000000-7f63f4021000 rw-p 00000000 00:00 0 
7f63f4021000-7f63f8000000 ---p 00000000 00:00 0 
7f63f8000000-7f63f8021000 rw-p 00000000 00:00 0 
7f63f8021000-7f63fc000000 ---p 00000000 00:00 0 
7f63fc000000-7f63fc001000 r--s 00001000 08:05 2412612                    /home/qndaa/.m2/repository/org/springframework/boot/spring-boot-starter-security/2.4.1/spring-boot-starter-security-2.4.1.jar
7f63fc001000-7f63fc003000 r--s 0000a000 08:05 2412619                    /home/qndaa/.m2/repository/org/springframework/spring-aspects/5.3.2/spring-aspects-5.3.2.jar
7f63fc003000-7f63fc005000 r--s 00009000 08:05 2412693                    /home/qndaa/.m2/repository/org/slf4j/slf4j-api/1.7.30/slf4j-api-1.7.30.jar
7f63fc005000-7f63fc009000 r--s 0002d000 08:05 2412613                    /home/qndaa/.m2/repository/org/springframework/spring-orm/5.3.2/spring-orm-5.3.2.jar
7f63fc009000-7f63fc011000 r--s 00052000 08:05 2412605                    /home/qndaa/.m2/repository/org/springframework/data/spring-data-jpa/2.4.2/spring-data-jpa-2.4.2.jar
7f63fc011000-7f63fc013000 r--s 0000f000 08:05 2412602                    /home/qndaa/.m2/repository/com/sun/activation/jakarta.activation/1.2.2/jakarta.activation-1.2.2.jar
7f63fc013000-7f63fc015000 r--s 00006000 08:05 2412577                    /home/qndaa/.m2/repository/com/sun/istack/istack-commons-runtime/3.0.11/istack-commons-runtime-3.0.11.jar
7f63fc015000-7f63fc017000 r--s 00010000 08:05 2412579                    /home/qndaa/.m2/repository/org/glassfish/jaxb/txw2/2.3.3/txw2-2.3.3.jar
7f63fc017000-7f63fc02c000 r--s 000e8000 08:05 2412596                    /home/qndaa/.m2/repository/org/glassfish/jaxb/jaxb-runtime/2.3.3/jaxb-runtime-2.3.3.jar
7f63fc02c000-7f63fc02f000 r--s 00011000 08:05 2412591                    /home/qndaa/.m2/repository/org/hibernate/common/hibernate-commons-annotations/5.1.2.Final/hibernate-commons-annotations-5.1.2.Final.jar
7f63fc02f000-7f63fc034000 r--s 0004b000 08:05 2412589                    /home/qndaa/.m2/repository/org/dom4j/dom4j/2.1.3/dom4j-2.1.3.jar
7f63fc034000-7f63fc036000 r--s 0000f000 08:05 2412583                    /home/qndaa/.m2/repository/com/fasterxml/classmate/1.5.1/classmate-1.5.1.jar
7f63fc036000-7f63fc039000 r--s 0002d000 08:05 2412585                    /home/qndaa/.m2/repository/org/jboss/jandex/2.1.3.Final/jandex-2.1.3.Final.jar
7f63fc039000-7f63fc03e000 r--s 00068000 08:05 2412584                    /home/qndaa/.m2/repository/antlr/antlr/2.7.7/antlr-2.7.7.jar
7f63fc03e000-7f63fc049000 r--s 000b5000 08:05 2412580                    /home/qndaa/.m2/repository/org/javassist/javassist/3.27.0-GA/javassist-3.27.0-GA.jar
7f63fc049000-7f63fc04b000 r--s 0000d000 08:05 2412593                    /home/qndaa/.m2/repository/org/jboss/logging/jboss-logging/3.4.1.Final/jboss-logging-3.4.1.Final.jar
7f63fc04b000-7f63fc051000 r--s 00023000 08:05 2412574                    /home/qndaa/.m2/repository/jakarta/persistence/jakarta.persistence-api/2.2.3/jakarta.persistence-api-2.2.3.jar
7f63fc051000-7f63fc052000 r--s 00003000 08:05 2412571                    /home/qndaa/.m2/repository/jakarta/transaction/jakarta.transaction-api/1.3.3/jakarta.transaction-api-1.3.3.jar
7f63fc052000-7f63fc05b000 r--s 0005d000 08:05 2412569                    /home/qndaa/.m2/repository/org/springframework/spring-jdbc/5.3.2/spring-jdbc-5.3.2.jar
7f63fc05b000-7f63fc05f000 r--s 00023000 08:05 2412547                    /home/qndaa/.m2/repository/com/zaxxer/HikariCP/3.4.5/HikariCP-3.4.5.jar
7f63fc05f000-7f63fc060000 r--s 00001000 08:05 2412557                    /home/qndaa/.m2/repository/org/springframework/boot/spring-boot-starter-jdbc/2.4.1/spring-boot-starter-jdbc-2.4.1.jar
7f63fc060000-7f63fc079000 r--s 001dc000 08:05 2412563                    /home/qndaa/.m2/repository/org/aspectj/aspectjweaver/1.9.6/aspectjweaver-1.9.6.jar
7f63fc079000-7f63fc07a000 r--s 00001000 08:05 2412553                    /home/qndaa/.m2/repository/org/springframework/boot/spring-boot-starter-aop/2.4.1/spring-boot-starter-aop-2.4.1.jar
7f63fc07a000-7f63fc08d000 r--s 0034b000 08:05 1459930                    /usr/lib/jvm/java-8-openjdk-amd64/jre/lib/resources.jar
7f63fc08d000-7f63fc09e000 r--s 001bc000 08:05 1459918                    /usr/lib/jvm/java-8-openjdk-amd64/jre/lib/jsse.jar
7f63fc09e000-7f63fc0b9000 r--s 00394000 08:05 1599288                    /usr/lib/jvm/java-8-openjdk-amd64/jre/lib/ext/cldrdata.jar
7f63fc0b9000-7f63fc0d4000 r--s 001d6000 08:05 1599295                    /usr/lib/jvm/java-8-openjdk-amd64/jre/lib/ext/nashorn.jar
7f63fc0d4000-7f63fc4d8000 rw-p 00000000 00:00 0 
7f63fc4d8000-7f63fc6a9000 r--s 03c94000 08:05 1459920                    /usr/lib/jvm/java-8-openjdk-amd64/jre/lib/rt.jar
7f63fc6a9000-7f63fca75000 rw-p 00000000 00:00 0 
7f63fca75000-7f63fca76000 ---p 00000000 00:00 0 
7f63fca76000-7f63fcb76000 rw-p 00000000 00:00 0 
7f63fcb76000-7f63fcb77000 ---p 00000000 00:00 0 
7f63fcb77000-7f63fcc77000 rw-p 00000000 00:00 0 
7f63fcc77000-7f63fcc78000 ---p 00000000 00:00 0 
7f63fcc78000-7f63fcd97000 rw-p 00000000 00:00 0 
7f63fcd97000-7f63fd000000 ---p 00000000 00:00 0 
7f63fd000000-7f63fe0c0000 rwxp 00000000 00:00 0 
7f63fe0c0000-7f640c000000 ---p 00000000 00:00 0 
7f640c000000-7f640c8c1000 rw-p 00000000 00:00 0 
7f640c8c1000-7f6410000000 ---p 00000000 00:00 0 
7f6410000000-7f6410001000 r--s 00001000 08:05 2412549                    /home/qndaa/.m2/repository/org/springframework/boot/spring-boot-starter-data-jpa/2.4.1/spring-boot-starter-data-jpa-2.4.1.jar
7f6410001000-7f6410007000 r--s 000d3000 08:05 1459923                    /usr/lib/jvm/java-8-openjdk-amd64/jre/lib/jfr.jar
7f6410007000-7f641000c000 r--s 002f9000 08:05 1459921                    /usr/lib/jvm/java-8-openjdk-amd64/jre/lib/charsets.jar
7f641000c000-7f6410082000 rw-p 00000000 00:00 0 
7f6410082000-7f6410083000 ---p 00000000 00:00 0 
7f6410083000-7f64101a2000 rw-p 00000000 00:00 0 
7f64101a2000-7f641040b000 ---p 00000000 00:00 0 
7f641040b000-7f64104b9000 rw-p 00000000 00:00 0 
7f64104b9000-7f641054f000 ---p 00000000 00:00 0 
7f641054f000-7f6410593000 rw-p 00000000 00:00 0 
7f6410593000-7f6410910000 ---p 00000000 00:00 0 
7f6410910000-7f6410918000 r-xp 00000000 08:05 1459911                    /usr/lib/jvm/java-8-openjdk-amd64/jre/lib/amd64/libzip.so
7f6410918000-7f6410b17000 ---p 00008000 08:05 1459911                    /usr/lib/jvm/java-8-openjdk-amd64/jre/lib/amd64/libzip.so
7f6410b17000-7f6410b18000 r--p 00007000 08:05 1459911                    /usr/lib/jvm/java-8-openjdk-amd64/jre/lib/amd64/libzip.so
7f6410b18000-7f6410b19000 rw-p 00008000 08:05 1459911                    /usr/lib/jvm/java-8-openjdk-amd64/jre/lib/amd64/libzip.so
7f6410b19000-7f6410b24000 r-xp 00000000 08:05 2502948                    /lib/x86_64-linux-gnu/libnss_files-2.23.so
7f6410b24000-7f6410d23000 ---p 0000b000 08:05 2502948                    /lib/x86_64-linux-gnu/libnss_files-2.23.so
7f6410d23000-7f6410d24000 r--p 0000a000 08:05 2502948                    /lib/x86_64-linux-gnu/libnss_files-2.23.so
7f6410d24000-7f6410d25000 rw-p 0000b000 08:05 2502948                    /lib/x86_64-linux-gnu/libnss_files-2.23.so
7f6410d25000-7f6410d2b000 rw-p 00000000 00:00 0 
7f6410d2b000-7f6410d36000 r-xp 00000000 08:05 2502952                    /lib/x86_64-linux-gnu/libnss_nis-2.23.so
7f6410d36000-7f6410f35000 ---p 0000b000 08:05 2502952                    /lib/x86_64-linux-gnu/libnss_nis-2.23.so
7f6410f35000-7f6410f36000 r--p 0000a000 08:05 2502952                    /lib/x86_64-linux-gnu/libnss_nis-2.23.so
7f6410f36000-7f6410f37000 rw-p 0000b000 08:05 2502952                    /lib/x86_64-linux-gnu/libnss_nis-2.23.so
7f6410f37000-7f6410f4d000 r-xp 00000000 08:05 2502938                    /lib/x86_64-linux-gnu/libnsl-2.23.so
7f6410f4d000-7f641114c000 ---p 00016000 08:05 2502938                    /lib/x86_64-linux-gnu/libnsl-2.23.so
7f641114c000-7f641114d000 r--p 00015000 08:05 2502938                    /lib/x86_64-linux-gnu/libnsl-2.23.so
7f641114d000-7f641114e000 rw-p 00016000 08:05 2502938                    /lib/x86_64-linux-gnu/libnsl-2.23.so
7f641114e000-7f6411150000 rw-p 00000000 00:00 0 
7f6411150000-7f6411158000 r-xp 00000000 08:05 2502950                    /lib/x86_64-linux-gnu/libnss_compat-2.23.so
7f6411158000-7f6411357000 ---p 00008000 08:05 2502950                    /lib/x86_64-linux-gnu/libnss_compat-2.23.so
7f6411357000-7f6411358000 r--p 00007000 08:05 2502950                    /lib/x86_64-linux-gnu/libnss_compat-2.23.so
7f6411358000-7f6411359000 rw-p 00008000 08:05 2502950                    /lib/x86_64-linux-gnu/libnss_compat-2.23.so
7f6411359000-7f6411363000 r-xp 00000000 08:05 1459885                    /usr/lib/jvm/java-8-openjdk-amd64/jre/lib/amd64/libinstrument.so
7f6411363000-7f6411562000 ---p 0000a000 08:05 1459885                    /usr/lib/jvm/java-8-openjdk-amd64/jre/lib/amd64/libinstrument.so
7f6411562000-7f6411563000 r--p 00009000 08:05 1459885                    /usr/lib/jvm/java-8-openjdk-amd64/jre/lib/amd64/libinstrument.so
7f6411563000-7f6411564000 rw-p 0000a000 08:05 1459885                    /usr/lib/jvm/java-8-openjdk-amd64/jre/lib/amd64/libinstrument.so
7f6411564000-7f641158e000 r-xp 00000000 08:05 1459878                    /usr/lib/jvm/java-8-openjdk-amd64/jre/lib/amd64/libjava.so
7f641158e000-7f641178d000 ---p 0002a000 08:05 1459878                    /usr/lib/jvm/java-8-openjdk-amd64/jre/lib/amd64/libjava.so
7f641178d000-7f641178e000 r--p 00029000 08:05 1459878                    /usr/lib/jvm/java-8-openjdk-amd64/jre/lib/amd64/libjava.so
7f641178e000-7f6411790000 rw-p 0002a000 08:05 1459878                    /usr/lib/jvm/java-8-openjdk-amd64/jre/lib/amd64/libjava.so
7f6411790000-7f641179f000 r-xp 00000000 08:05 1459890                    /usr/lib/jvm/java-8-openjdk-amd64/jre/lib/amd64/libverify.so
7f641179f000-7f641199e000 ---p 0000f000 08:05 1459890                    /usr/lib/jvm/java-8-openjdk-amd64/jre/lib/amd64/libverify.so
7f641199e000-7f64119a0000 r--p 0000e000 08:05 1459890                    /usr/lib/jvm/java-8-openjdk-amd64/jre/lib/amd64/libverify.so
7f64119a0000-7f64119a1000 rw-p 00010000 08:05 1459890                    /usr/lib/jvm/java-8-openjdk-amd64/jre/lib/amd64/libverify.so
7f64119a1000-7f64119a8000 r-xp 00000000 08:05 2502955                    /lib/x86_64-linux-gnu/librt-2.23.so
7f64119a8000-7f6411ba7000 ---p 00007000 08:05 2502955                    /lib/x86_64-linux-gnu/librt-2.23.so
7f6411ba7000-7f6411ba8000 r--p 00006000 08:05 2502955                    /lib/x86_64-linux-gnu/librt-2.23.so
7f6411ba8000-7f6411ba9000 rw-p 00007000 08:05 2502955                    /lib/x86_64-linux-gnu/librt-2.23.so
7f6411ba9000-7f6411bbf000 r-xp 00000000 08:05 2495933                    /lib/x86_64-linux-gnu/libgcc_s.so.1
7f6411bbf000-7f6411dbe000 ---p 00016000 08:05 2495933                    /lib/x86_64-linux-gnu/libgcc_s.so.1
7f6411dbe000-7f6411dbf000 rw-p 00015000 08:05 2495933                    /lib/x86_64-linux-gnu/libgcc_s.so.1
7f6411dbf000-7f6411ec7000 r-xp 00000000 08:05 2502939                    /lib/x86_64-linux-gnu/libm-2.23.so
7f6411ec7000-7f64120c6000 ---p 00108000 08:05 2502939                    /lib/x86_64-linux-gnu/libm-2.23.so
7f64120c6000-7f64120c7000 r--p 00107000 08:05 2502939                    /lib/x86_64-linux-gnu/libm-2.23.so
7f64120c7000-7f64120c8000 rw-p 00108000 08:05 2502939                    /lib/x86_64-linux-gnu/libm-2.23.so
7f64120c8000-7f641223a000 r-xp 00000000 08:05 1181830                    /usr/lib/x86_64-linux-gnu/libstdc++.so.6.0.21
7f641223a000-7f641243a000 ---p 00172000 08:05 1181830                    /usr/lib/x86_64-linux-gnu/libstdc++.so.6.0.21
7f641243a000-7f6412444000 r--p 00172000 08:05 1181830                    /usr/lib/x86_64-linux-gnu/libstdc++.so.6.0.21
7f6412444000-7f6412446000 rw-p 0017c000 08:05 1181830                    /usr/lib/x86_64-linux-gnu/libstdc++.so.6.0.21
7f6412446000-7f641244a000 rw-p 00000000 00:00 0 
7f641244a000-7f641316f000 r-xp 00000000 08:05 1459902                    /usr/lib/jvm/java-8-openjdk-amd64/jre/lib/amd64/server/libjvm.so
7f641316f000-7f641336e000 ---p 00d25000 08:05 1459902                    /usr/lib/jvm/java-8-openjdk-amd64/jre/lib/amd64/server/libjvm.so
7f641336e000-7f6413404000 r--p 00d24000 08:05 1459902                    /usr/lib/jvm/java-8-openjdk-amd64/jre/lib/amd64/server/libjvm.so
7f6413404000-7f641342d000 rw-p 00dba000 08:05 1459902                    /usr/lib/jvm/java-8-openjdk-amd64/jre/lib/amd64/server/libjvm.so
7f641342d000-7f6413460000 rw-p 00000000 00:00 0 
7f6413460000-7f6413478000 r-xp 00000000 08:05 2502936                    /lib/x86_64-linux-gnu/libpthread-2.23.so
7f6413478000-7f6413677000 ---p 00018000 08:05 2502936                    /lib/x86_64-linux-gnu/libpthread-2.23.so
7f6413677000-7f6413678000 r--p 00017000 08:05 2502936                    /lib/x86_64-linux-gnu/libpthread-2.23.so
7f6413678000-7f6413679000 rw-p 00018000 08:05 2502936                    /lib/x86_64-linux-gnu/libpthread-2.23.so
7f6413679000-7f641367d000 rw-p 00000000 00:00 0 
7f641367d000-7f6413680000 r-xp 00000000 08:05 2502933                    /lib/x86_64-linux-gnu/libdl-2.23.so
7f6413680000-7f641387f000 ---p 00003000 08:05 2502933                    /lib/x86_64-linux-gnu/libdl-2.23.so
7f641387f000-7f6413880000 r--p 00002000 08:05 2502933                    /lib/x86_64-linux-gnu/libdl-2.23.so
7f6413880000-7f6413881000 rw-p 00003000 08:05 2502933                    /lib/x86_64-linux-gnu/libdl-2.23.so
7f6413881000-7f641389a000 r-xp 00000000 08:05 2495892                    /lib/x86_64-linux-gnu/libz.so.1.2.8
7f641389a000-7f6413a99000 ---p 00019000 08:05 2495892                    /lib/x86_64-linux-gnu/libz.so.1.2.8
7f6413a99000-7f6413a9a000 r--p 00018000 08:05 2495892                    /lib/x86_64-linux-gnu/libz.so.1.2.8
7f6413a9a000-7f6413a9b000 rw-p 00019000 08:05 2495892                    /lib/x86_64-linux-gnu/libz.so.1.2.8
7f6413a9b000-7f6413c5b000 r-xp 00000000 08:05 2502935                    /lib/x86_64-linux-gnu/libc-2.23.so
7f6413c5b000-7f6413e5b000 ---p 001c0000 08:05 2502935                    /lib/x86_64-linux-gnu/libc-2.23.so
7f6413e5b000-7f6413e5f000 r--p 001c0000 08:05 2502935                    /lib/x86_64-linux-gnu/libc-2.23.so
7f6413e5f000-7f6413e61000 rw-p 001c4000 08:05 2502935                    /lib/x86_64-linux-gnu/libc-2.23.so
7f6413e61000-7f6413e65000 rw-p 00000000 00:00 0 
7f6413e65000-7f6413e73000 r-xp 00000000 08:05 1459884                    /usr/lib/jvm/java-8-openjdk-amd64/jre/lib/amd64/jli/libjli.so
7f6413e73000-7f6414072000 ---p 0000e000 08:05 1459884                    /usr/lib/jvm/java-8-openjdk-amd64/jre/lib/amd64/jli/libjli.so
7f6414072000-7f6414073000 r--p 0000d000 08:05 1459884                    /usr/lib/jvm/java-8-openjdk-amd64/jre/lib/amd64/jli/libjli.so
7f6414073000-7f6414074000 rw-p 0000e000 08:05 1459884                    /usr/lib/jvm/java-8-openjdk-amd64/jre/lib/amd64/jli/libjli.so
7f6414074000-7f641409a000 r-xp 00000000 08:05 2502946                    /lib/x86_64-linux-gnu/ld-2.23.so
7f641409a000-7f641409b000 r--s 00000000 08:05 1459876                    /usr/lib/jvm/java-8-openjdk-amd64/jre/lib/management-agent.jar
7f641409b000-7f641409d000 r--s 00016000 08:05 1459860                    /usr/lib/jvm/java-8-openjdk-amd64/jre/lib/jce.jar
7f641409d000-7f641409e000 r--s 0000d000 08:05 1599290                    /usr/lib/jvm/java-8-openjdk-amd64/jre/lib/ext/sunec.jar
7f641409e000-7f64140a0000 r--s 00010000 08:05 1599286                    /usr/lib/jvm/java-8-openjdk-amd64/jre/lib/ext/zipfs.jar
7f64140a0000-7f64140aa000 r--s 00117000 08:05 1599289                    /usr/lib/jvm/java-8-openjdk-amd64/jre/lib/ext/localedata.jar
7f64140aa000-7f6414179000 rw-p 00000000 00:00 0 
7f6414179000-7f641417c000 ---p 00000000 00:00 0 
7f641417c000-7f641427e000 rw-p 00000000 00:00 0 
7f641427e000-7f6414281000 r--s 0000f000 08:05 1599287                    /usr/lib/jvm/java-8-openjdk-amd64/jre/lib/ext/icedtea-sound.jar
7f6414281000-7f6414285000 r--s 00040000 08:05 1599294                    /usr/lib/jvm/java-8-openjdk-amd64/jre/lib/ext/sunpkcs11.jar
7f6414285000-7f6414287000 r--s 00001000 08:05 1599291                    /usr/lib/jvm/java-8-openjdk-amd64/jre/lib/ext/dnsns.jar
7f6414287000-7f641428d000 r--s 0003d000 08:05 1599292                    /usr/lib/jvm/java-8-openjdk-amd64/jre/lib/ext/sunjce_provider.jar
7f641428d000-7f641428e000 r--s 0000a000 08:05 1599293                    /usr/lib/jvm/java-8-openjdk-amd64/jre/lib/ext/jaccess.jar
7f641428e000-7f6414296000 rw-s 00000000 08:05 2769698                    /tmp/hsperfdata_qndaa/29914
7f6414296000-7f6414297000 rw-p 00000000 00:00 0 
7f6414297000-7f6414298000 ---p 00000000 00:00 0 
7f6414298000-7f6414299000 rw-p 00000000 00:00 0 
7f6414299000-7f641429a000 r--p 00025000 08:05 2502946                    /lib/x86_64-linux-gnu/ld-2.23.so
7f641429a000-7f641429b000 rw-p 00026000 08:05 2502946                    /lib/x86_64-linux-gnu/ld-2.23.so
7f641429b000-7f641429c000 rw-p 00000000 00:00 0 
7ffe096fd000-7ffe09720000 rw-p 00000000 00:00 0                          [stack]
7ffe09749000-7ffe0974c000 r--p 00000000 00:00 0                          [vvar]
7ffe0974c000-7ffe0974e000 r-xp 00000000 00:00 0                          [vdso]
ffffffffff600000-ffffffffff601000 r-xp 00000000 00:00 0                  [vsyscall]

VM Arguments:
jvm_args: -javaagent:/snap/intellij-idea-community/273/lib/idea_rt.jar=38107:/snap/intellij-idea-community/273/bin -Dfile.encoding=UTF-8 
java_command: ftn.isa.team12.pharmacy.PharmacyApplication
java_class_path (initial): /usr/lib/jvm/java-1.8.0-openjdk-amd64/jre/lib/charsets.jar:/usr/lib/jvm/java-1.8.0-openjdk-amd64/jre/lib/ext/cldrdata.jar:/usr/lib/jvm/java-1.8.0-openjdk-amd64/jre/lib/ext/dnsns.jar:/usr/lib/jvm/java-1.8.0-openjdk-amd64/jre/lib/ext/icedtea-sound.jar:/usr/lib/jvm/java-1.8.0-openjdk-amd64/jre/lib/ext/jaccess.jar:/usr/lib/jvm/java-1.8.0-openjdk-amd64/jre/lib/ext/localedata.jar:/usr/lib/jvm/java-1.8.0-openjdk-amd64/jre/lib/ext/nashorn.jar:/usr/lib/jvm/java-1.8.0-openjdk-amd64/jre/lib/ext/sunec.jar:/usr/lib/jvm/java-1.8.0-openjdk-amd64/jre/lib/ext/sunjce_provider.jar:/usr/lib/jvm/java-1.8.0-openjdk-amd64/jre/lib/ext/sunpkcs11.jar:/usr/lib/jvm/java-1.8.0-openjdk-amd64/jre/lib/ext/zipfs.jar:/usr/lib/jvm/java-1.8.0-openjdk-amd64/jre/lib/jce.jar:/usr/lib/jvm/java-1.8.0-openjdk-amd64/jre/lib/jfr.jar:/usr/lib/jvm/java-1.8.0-openjdk-amd64/jre/lib/jsse.jar:/usr/lib/jvm/java-1.8.0-openjdk-amd64/jre/lib/management-agent.jar:/usr/lib/jvm/java-1.8.0-openjdk-amd64/jre/lib/resources.jar:/usr/lib/jvm/java-1.8.0-openjdk-amd64/jre/lib/rt.jar:/home/qndaa/Documents/ISA/pharmacy/target/classes:/home/qndaa/.m2/repository/org/springframework/boot/spring-boot-starter-data-jpa/2.4.1/spring-boot-starter-data-jpa-2.4.1.jar:/home/qndaa/.m2/repository/org/springframework/boot/spring-boot-starter-aop/2.4.1/spring-boot-starter-aop-2.4.1.jar:/home/qndaa/.m2/repository/org/aspectj/aspectjweaver/1.9.6/aspectjweaver-1.9.6.jar:/home/qndaa/.m2/repository/org/springframework/boot/spring-boot-starter-jdbc/2.4.1/spring-boot-starter-jdbc-2.4.1.jar:/home/qndaa/.m2/repository/com/zaxxer/HikariCP/3.4.5/HikariCP-3.4.5.jar:/home/qndaa/.m2/repository/org/springframework/spring-jdbc/5.3.2/spring-jdbc-5.3.2.jar:/home/qndaa/.m2/repository/jakarta/transaction/jakarta.transaction-api/1.3.3/jakarta.transaction-api-1.3.3.jar:/home/qndaa/.m2/repository/jakarta/persistence/jakarta.persistence-api/2.2.3/jakarta.persistence-api-2.2.3.jar:/home/qndaa/.m2/repository/org/hibernate/hibernate-core/5.4.2
Launcher Type: SUN_STANDARD

Environment Variables:
PATH=/home/qndaa/anaconda3/bin:/home/qndaa/anaconda3/condabin:/home/qndaa/bin:/home/qndaa/.local/bin:/usr/local/sbin:/usr/local/bin:/usr/sbin:/usr/bin:/sbin:/bin:/usr/games:/usr/local/games:/snap/bin:/bin:/sbin
SHELL=/usr/bin/zsh
DISPLAY=:0

Signal Handlers:
SIGSEGV: [libjvm.so+0xb1e940], sa_mask[0]=11111111011111111101111111111110, sa_flags=SA_RESTART|SA_SIGINFO
SIGBUS: [libjvm.so+0xb1e940], sa_mask[0]=11111111011111111101111111111110, sa_flags=SA_RESTART|SA_SIGINFO
SIGFPE: [libjvm.so+0x956450], sa_mask[0]=11111111011111111101111111111110, sa_flags=SA_RESTART|SA_SIGINFO
SIGPIPE: [libjvm.so+0x956450], sa_mask[0]=11111111011111111101111111111110, sa_flags=SA_RESTART|SA_SIGINFO
SIGXFSZ: [libjvm.so+0x956450], sa_mask[0]=11111111011111111101111111111110, sa_flags=SA_RESTART|SA_SIGINFO
SIGILL: [libjvm.so+0x956450], sa_mask[0]=11111111011111111101111111111110, sa_flags=SA_RESTART|SA_SIGINFO
SIGUSR1: SIG_DFL, sa_mask[0]=00000000000000000000000000000000, sa_flags=none
SIGUSR2: [libjvm.so+0x956300], sa_mask[0]=00100000000000000000000000000000, sa_flags=SA_RESTART|SA_SIGINFO
SIGHUP: [libjvm.so+0x956990], sa_mask[0]=11111111011111111101111111111110, sa_flags=SA_RESTART|SA_SIGINFO
SIGINT: [libjvm.so+0x956990], sa_mask[0]=11111111011111111101111111111110, sa_flags=SA_RESTART|SA_SIGINFO
SIGTERM: [libjvm.so+0x956990], sa_mask[0]=11111111011111111101111111111110, sa_flags=SA_RESTART|SA_SIGINFO
SIGQUIT: [libjvm.so+0x956990], sa_mask[0]=11111111011111111101111111111110, sa_flags=SA_RESTART|SA_SIGINFO


---------------  S Y S T E M  ---------------

OS:DISTRIB_ID=Ubuntu
DISTRIB_RELEASE=16.04
DISTRIB_CODENAME=xenial
DISTRIB_DESCRIPTION="Ubuntu 16.04.6 LTS"

uname:Linux 4.15.0-128-generic #131~16.04.1-Ubuntu SMP Wed Dec 9 17:33:47 UTC 2020 x86_64
libc:glibc 2.23 NPTL 2.23 
rlimit: STACK 8192k, CORE 0k, NPROC 30849, NOFILE 1048576, AS infinity
load average:10,94 4,40 2,84

/proc/meminfo:
MemTotal:        7959152 kB
MemFree:          130412 kB
MemAvailable:      55032 kB
Buffers:            7680 kB
Cached:           990132 kB
SwapCached:         4572 kB
Active:          6539856 kB
Inactive:         949892 kB
Active(anon):    6519364 kB
Inactive(anon):   916484 kB
Active(file):      20492 kB
Inactive(file):    33408 kB
Unevictable:          80 kB
Mlocked:              80 kB
SwapTotal:        999420 kB
SwapFree:              0 kB
Dirty:               108 kB
Writeback:             0 kB
AnonPages:       6485672 kB
Mapped:           732508 kB
Shmem:            943860 kB
Slab:             136840 kB
SReclaimable:      68300 kB
SUnreclaim:        68540 kB
KernelStack:       20560 kB
PageTables:        99112 kB
NFS_Unstable:          0 kB
Bounce:                0 kB
WritebackTmp:          0 kB
CommitLimit:     4978996 kB
Committed_AS:   16003592 kB
VmallocTotal:   34359738367 kB
VmallocUsed:           0 kB
VmallocChunk:          0 kB
HardwareCorrupted:     0 kB
AnonHugePages:         0 kB
ShmemHugePages:        0 kB
ShmemPmdMapped:        0 kB
CmaTotal:              0 kB
CmaFree:               0 kB
HugePages_Total:       0
HugePages_Free:        0
HugePages_Rsvd:        0
HugePages_Surp:        0
Hugepagesize:       2048 kB
DirectMap4k:      296776 kB
DirectMap2M:     7882752 kB

container (cgroup) information:
container_type: cgroupv1
cpu_cpuset_cpus: 0-3
cpu_memory_nodes: 0
active_processor_count: 4
cpu_quota: -1
cpu_period: 100000
cpu_shares: -1
memory_limit_in_bytes: -1
memory_and_swap_limit_in_bytes: -2
memory_soft_limit_in_bytes: -1
memory_usage_in_bytes: 7672672256
memory_max_usage_in_bytes: 25923584


CPU:total 4 (initial active 4) (2 cores per cpu, 2 threads per core) family 6 model 37 stepping 2, cmov, cx8, fxsr, mmx, sse, sse2, sse3, ssse3, sse4.1, sse4.2, popcnt, aes, clmul, ht, tsc, tscinvbit

/proc/cpuinfo:
processor	: 0
vendor_id	: GenuineIntel
cpu family	: 6
model		: 37
model name	: Intel(R) Core(TM) i5 CPU       M 520  @ 2.40GHz
stepping	: 2
microcode	: 0x11
cpu MHz		: 2580.043
cache size	: 3072 KB
physical id	: 0
siblings	: 4
core id		: 0
cpu cores	: 2
apicid		: 0
initial apicid	: 0
fpu		: yes
fpu_exception	: yes
cpuid level	: 11
wp		: yes
flags		: fpu vme de pse tsc msr pae mce cx8 apic sep mtrr pge mca cmov pat pse36 clflush dts acpi mmx fxsr sse sse2 ss ht tm pbe syscall nx rdtscp lm constant_tsc arch_perfmon pebs bts rep_good nopl xtopology nonstop_tsc cpuid aperfmperf pni pclmulqdq dtes64 monitor ds_cpl vmx smx est tm2 ssse3 cx16 xtpr pdcm sse4_1 sse4_2 popcnt aes lahf_lm pti ssbd ibrs ibpb stibp tpr_shadow vnmi flexpriority ept vpid dtherm ida arat flush_l1d
bugs		: cpu_meltdown spectre_v1 spectre_v2 spec_store_bypass l1tf mds swapgs itlb_multihit
bogomips	: 4788.69
clflush size	: 64
cache_alignment	: 64
address sizes	: 36 bits physical, 48 bits virtual
power management:

processor	: 1
vendor_id	: GenuineIntel
cpu family	: 6
model		: 37
model name	: Intel(R) Core(TM) i5 CPU       M 520  @ 2.40GHz
stepping	: 2
microcode	: 0x11
cpu MHz		: 2583.473
cache size	: 3072 KB
physical id	: 0
siblings	: 4
core id		: 2
cpu cores	: 2
apicid		: 4
initial apicid	: 4
fpu		: yes
fpu_exception	: yes
cpuid level	: 11
wp		: yes
flags		: fpu vme de pse tsc msr pae mce cx8 apic sep mtrr pge mca cmov pat pse36 clflush dts acpi mmx fxsr sse sse2 ss ht tm pbe syscall nx rdtscp lm constant_tsc arch_perfmon pebs bts rep_good nopl xtopology nonstop_tsc cpuid aperfmperf pni pclmulqdq dtes64 monitor ds_cpl vmx smx est tm2 ssse3 cx16 xtpr pdcm sse4_1 sse4_2 popcnt aes lahf_lm pti ssbd ibrs ibpb stibp tpr_shadow vnmi flexpriority ept vpid dtherm ida arat flush_l1d
bugs		: cpu_meltdown spectre_v1 spectre_v2 spec_store_bypass l1tf mds swapgs itlb_multihit
bogomips	: 4788.69
clflush size	: 64
cache_alignment	: 64
address sizes	: 36 bits physical, 48 bits virtual
power management:

processor	: 2
vendor_id	: GenuineIntel
cpu family	: 6
model		: 37
model name	: Intel(R) Core(TM) i5 CPU       M 520  @ 2.40GHz
stepping	: 2
microcode	: 0x11
cpu MHz		: 2560.335
cache size	: 3072 KB
physical id	: 0
siblings	: 4
core id		: 0
cpu cores	: 2
apicid		: 1
initial apicid	: 1
fpu		: yes
fpu_exception	: yes
cpuid level	: 11
wp		: yes
flags		: fpu vme de pse tsc msr pae mce cx8 apic sep mtrr pge mca cmov pat pse36 clflush dts acpi mmx fxsr sse sse2 ss ht tm pbe syscall nx rdtscp lm constant_tsc arch_perfmon pebs bts rep_good nopl xtopology nonstop_tsc cpuid aperfmperf pni pclmulqdq dtes64 monitor ds_cpl vmx smx est tm2 ssse3 cx16 xtpr pdcm sse4_1 sse4_2 popcnt aes lahf_lm pti ssbd ibrs ibpb stibp tpr_shadow vnmi flexpriority ept vpid dtherm ida arat flush_l1d
bugs		: cpu_meltdown spectre_v1 spectre_v2 spec_store_bypass l1tf mds swapgs itlb_multihit
bogomips	: 4788.69
clflush size	: 64
cache_alignment	: 64
address sizes	: 36 bits physical, 48 bits virtual
power management:

processor	: 3
vendor_id	: GenuineIntel
cpu family	: 6
model		: 37
model name	: Intel(R) Core(TM) i5 CPU       M 520  @ 2.40GHz
stepping	: 2
microcode	: 0x11
cpu MHz		: 2592.925
cache size	: 3072 KB
physical id	: 0
siblings	: 4
core id		: 2
cpu cores	: 2
apicid		: 5
initial apicid	: 5
fpu		: yes
fpu_exception	: yes
cpuid level	: 11
wp		: yes
flags		: fpu vme de pse tsc msr pae mce cx8 apic sep mtrr pge mca cmov pat pse36 clflush dts acpi mmx fxsr sse sse2 ss ht tm pbe syscall nx rdtscp lm constant_tsc arch_perfmon pebs bts rep_good nopl xtopology nonstop_tsc cpuid aperfmperf pni pclmulqdq dtes64 monitor ds_cpl vmx smx est tm2 ssse3 cx16 xtpr pdcm sse4_1 sse4_2 popcnt aes lahf_lm pti ssbd ibrs ibpb stibp tpr_shadow vnmi flexpriority ept vpid dtherm ida arat flush_l1d
bugs		: cpu_meltdown spectre_v1 spectre_v2 spec_store_bypass l1tf mds swapgs itlb_multihit
bogomips	: 4788.69
clflush size	: 64
cache_alignment	: 64
address sizes	: 36 bits physical, 48 bits virtual
power management:



Memory: 4k page, physical 7959152k(123592k free), swap 999420k(0k free)

vm_info: OpenJDK 64-Bit Server VM (25.275-b01) for linux-amd64 JRE (1.8.0_275-8u275-b01-0ubuntu1~16.04-b01), built on Nov  9 2020 03:41:32 by "buildd" with gcc 5.4.0 20160609

time: Fri Jan 29 14:07:35 2021
timezone: CET
elapsed time: 37.176837 seconds (0d 0h 0m 37s)

